2026-02-15 22:53:18 INFO  com.base.BaseTest -Launching browser: edge
2026-02-15 22:53:18 INFO  com.driver.DriverFactory -initializing browser: edge
2026-02-15 22:53:18 INFO  com.driver.DriverFactory -Driver created for Thread: 1
2026-02-15 22:53:34 INFO  com.base.BaseTest -Navigated to URL: https://the-internet.herokuapp.com/login
2026-02-15 22:53:34 INFO  com.tests.LoginTest -Starting Login Test
2026-02-15 22:53:35 INFO  com.base.BaseTest -Closing browser
2026-02-15 23:01:39 INFO  com.base.BaseTest -Launching browser: edge
2026-02-15 23:01:39 INFO  com.driver.DriverFactory -initializing browser: edge
2026-02-15 23:01:39 INFO  com.driver.DriverFactory -Driver created for Thread: 1
2026-02-15 23:01:49 INFO  com.base.BaseTest -Navigated to URL: https://the-internet.herokuapp.com/login
2026-02-15 23:01:49 INFO  com.tests.LoginTest -Starting Login Test
2026-02-15 23:01:49 INFO  com.base.BaseTest -Closing browser
2026-02-15 23:04:03 INFO  com.base.BaseTest -Launching browser: chrome
2026-02-15 23:04:03 INFO  com.driver.DriverFactory -initializing browser: chrome
2026-02-15 23:04:03 INFO  com.driver.DriverFactory -Driver created for Thread: 1
2026-02-15 23:04:14 INFO  com.base.BaseTest -Navigated to URL: https://the-internet.herokuapp.com/login
2026-02-15 23:04:14 INFO  com.tests.LoginTest -Starting Login Test
2026-02-15 23:04:14 INFO  com.base.BaseTest -Closing browser
2026-02-15 23:09:37 INFO  com.base.BaseTest -Launching browser: chrome
2026-02-15 23:09:37 INFO  com.driver.DriverFactory -initializing browser: chrome
2026-02-15 23:09:37 INFO  com.driver.DriverFactory -Driver created for Thread: 1
2026-02-15 23:09:46 INFO  com.base.BaseTest -Navigated to URL: https://the-internet.herokuapp.com/login
2026-02-15 23:09:46 INFO  com.tests.LoginTest -Starting Login Test
2026-02-15 23:09:48 INFO  com.tests.LoginTest -Validating success message
2026-02-15 23:09:49 INFO  com.base.BaseTest -Closing browser
2026-02-15 23:13:33 INFO  com.base.BaseTest -Launching browser: chrome
2026-02-15 23:13:33 INFO  com.driver.DriverFactory -initializing browser: chrome
2026-02-15 23:13:33 INFO  com.driver.DriverFactory -Driver created for Thread: 1
2026-02-15 23:13:44 INFO  com.base.BaseTest -Navigated to URL: https://the-internet.herokuapp.com/login
2026-02-15 23:13:44 INFO  com.tests.LoginTest -Starting Login Test
2026-02-15 23:13:47 INFO  com.tests.LoginTest -Validating success message
2026-02-15 23:13:49 INFO  com.base.BaseTest -Closing browser
2026-02-15 23:17:47 INFO  com.base.BaseTest -Launching browser: chrome
2026-02-15 23:17:47 INFO  com.driver.DriverFactory -initializing browser: chrome
2026-02-15 23:17:47 INFO  com.driver.DriverFactory -Driver created for Thread: 1
2026-02-15 23:18:00 INFO  com.base.BaseTest -Navigated to URL: https://the-internet.herokuapp.com/login
2026-02-15 23:18:00 INFO  com.tests.LoginTest -Starting Login Test
2026-02-15 23:18:01 INFO  com.tests.LoginTest -Validating success message
2026-02-15 23:18:05 INFO  com.base.BaseTest -Closing browser
2026-02-15 23:27:47 INFO  com.base.BaseTest -Launching browser: chrome
2026-02-15 23:27:47 INFO  com.driver.DriverFactory -initializing browser: chrome
2026-02-15 23:27:47 INFO  com.driver.DriverFactory -Driver created for Thread: 1
2026-02-15 23:27:57 INFO  com.base.BaseTest -Navigated to URL: https://the-internet.herokuapp.com/login
2026-02-15 23:27:57 INFO  com.tests.LoginTest -Starting Login Test
2026-02-15 23:28:00 INFO  com.tests.LoginTest -Validating success message
2026-02-15 23:28:02 INFO  com.base.BaseTest -Closing browser
2026-02-15 23:30:30 INFO  com.base.BaseTest -Launching browser: chrome
2026-02-15 23:30:30 INFO  com.base.BaseTest -Launching browser: chrome
2026-02-15 23:30:30 INFO  com.driver.DriverFactory -initializing browser: chrome
2026-02-15 23:30:30 INFO  com.driver.DriverFactory -initializing browser: chrome
2026-02-15 23:30:30 INFO  com.driver.DriverFactory -Driver created for Thread: 33
2026-02-15 23:30:30 INFO  com.driver.DriverFactory -Driver created for Thread: 32
2026-02-15 23:30:39 INFO  com.base.BaseTest -Navigated to URL: https://the-internet.herokuapp.com/login
2026-02-15 23:30:39 INFO  com.tests.LoginTest -Starting Login Test
2026-02-15 23:30:40 INFO  com.base.BaseTest -Navigated to URL: https://the-internet.herokuapp.com/login
2026-02-15 23:30:40 INFO  com.tests.LoginTest -Starting Login Test
2026-02-15 23:30:43 INFO  com.tests.LoginTest -Validating success message
2026-02-15 23:30:43 INFO  com.tests.LoginTest -Validating success message
2026-02-15 23:30:45 INFO  com.base.BaseTest -Closing browser
2026-02-15 23:30:45 INFO  com.base.BaseTest -Closing browser
